C:\Users\UPAL\Desktop\File Exchange Updates\v9.0\NetSim_MATLAB_Interface\Matlab_Interfacing_with_m_file_v9\WLAN\Debug\802_11_MAC.obj
C:\Users\UPAL\Desktop\File Exchange Updates\v9.0\NetSim_MATLAB_Interface\Matlab_Interfacing_with_m_file_v9\WLAN\Debug\802_11_PHY.obj
C:\Users\UPAL\Desktop\File Exchange Updates\v9.0\NetSim_MATLAB_Interface\Matlab_Interfacing_with_m_file_v9\WLAN\Debug\802_11ac.obj
C:\Users\UPAL\Desktop\File Exchange Updates\v9.0\NetSim_MATLAB_Interface\Matlab_Interfacing_with_m_file_v9\WLAN\Debug\802_11ag.obj
C:\Users\UPAL\Desktop\File Exchange Updates\v9.0\NetSim_MATLAB_Interface\Matlab_Interfacing_with_m_file_v9\WLAN\Debug\802_11b.obj
C:\Users\UPAL\Desktop\File Exchange Updates\v9.0\NetSim_MATLAB_Interface\Matlab_Interfacing_with_m_file_v9\WLAN\Debug\802_11e.obj
C:\Users\UPAL\Desktop\File Exchange Updates\v9.0\NetSim_MATLAB_Interface\Matlab_Interfacing_with_m_file_v9\WLAN\Debug\802_11n.obj
C:\Users\UPAL\Desktop\File Exchange Updates\v9.0\NetSim_MATLAB_Interface\Matlab_Interfacing_with_m_file_v9\WLAN\Debug\802_11n_acAggregation.obj
C:\Users\UPAL\Desktop\File Exchange Updates\v9.0\NetSim_MATLAB_Interface\Matlab_Interfacing_with_m_file_v9\WLAN\Debug\cl.command.1.tlog
C:\Users\UPAL\Desktop\File Exchange Updates\v9.0\NetSim_MATLAB_Interface\Matlab_Interfacing_with_m_file_v9\WLAN\Debug\CL.read.1.tlog
C:\Users\UPAL\Desktop\File Exchange Updates\v9.0\NetSim_MATLAB_Interface\Matlab_Interfacing_with_m_file_v9\WLAN\Debug\CL.write.1.tlog
C:\Users\UPAL\Desktop\File Exchange Updates\v9.0\NetSim_MATLAB_Interface\Matlab_Interfacing_with_m_file_v9\WLAN\Debug\link.3444.read.1.tlog
C:\Users\UPAL\Desktop\File Exchange Updates\v9.0\NetSim_MATLAB_Interface\Matlab_Interfacing_with_m_file_v9\WLAN\Debug\link.3444.write.1.tlog
C:\Users\UPAL\Desktop\File Exchange Updates\v9.0\NetSim_MATLAB_Interface\Matlab_Interfacing_with_m_file_v9\WLAN\Debug\link.command.1.tlog
C:\Users\UPAL\Desktop\File Exchange Updates\v9.0\NetSim_MATLAB_Interface\Matlab_Interfacing_with_m_file_v9\WLAN\Debug\link.read.1.tlog
C:\Users\UPAL\Desktop\File Exchange Updates\v9.0\NetSim_MATLAB_Interface\Matlab_Interfacing_with_m_file_v9\WLAN\Debug\link.write.1.tlog
C:\Users\UPAL\Desktop\File Exchange Updates\v9.0\NetSim_MATLAB_Interface\Matlab_Interfacing_with_m_file_v9\WLAN\Debug\MATLAB_Interface.obj
C:\Users\UPAL\Desktop\File Exchange Updates\v9.0\NetSim_MATLAB_Interface\Matlab_Interfacing_with_m_file_v9\WLAN\Debug\mt.command.1.tlog
C:\Users\UPAL\Desktop\File Exchange Updates\v9.0\NetSim_MATLAB_Interface\Matlab_Interfacing_with_m_file_v9\WLAN\Debug\mt.read.1.tlog
C:\Users\UPAL\Desktop\File Exchange Updates\v9.0\NetSim_MATLAB_Interface\Matlab_Interfacing_with_m_file_v9\WLAN\Debug\mt.write.1.tlog
C:\Users\UPAL\Desktop\File Exchange Updates\v9.0\NetSim_MATLAB_Interface\Matlab_Interfacing_with_m_file_v9\WLAN\Debug\PMD_RX_Specification_802_11abgnac.obj
C:\Users\UPAL\Desktop\File Exchange Updates\v9.0\NetSim_MATLAB_Interface\Matlab_Interfacing_with_m_file_v9\WLAN\Debug\PowerModel.obj
C:\Users\UPAL\Desktop\File Exchange Updates\v9.0\NetSim_MATLAB_Interface\Matlab_Interfacing_with_m_file_v9\WLAN\Debug\vc100.idb
C:\Users\UPAL\Desktop\File Exchange Updates\v9.0\NetSim_MATLAB_Interface\Matlab_Interfacing_with_m_file_v9\WLAN\Debug\vc100.pdb
C:\Users\UPAL\Desktop\File Exchange Updates\v9.0\NetSim_MATLAB_Interface\Matlab_Interfacing_with_m_file_v9\WLAN\Debug\WLAN.dll.intermediate.manifest
C:\Users\UPAL\Desktop\File Exchange Updates\v9.0\NetSim_MATLAB_Interface\Matlab_Interfacing_with_m_file_v9\WLAN\Debug\WLan.obj
C:\Users\UPAL\Desktop\File Exchange Updates\v9.0\NetSim_MATLAB_Interface\Matlab_Interfacing_with_m_file_v9\WLAN\Debug\WLAN.write.1.tlog
C:\USERS\UPAL\DESKTOP\PROJECTS_9_32BITS\MATLAB INTERFACING\WITH M FILE\DLL\LIBWLAN.DLL
C:\Users\Upal\Desktop\Projects_9_32bits\Matlab Interfacing\With m file\Dll\WLAN.exp
C:\Users\Upal\Desktop\Projects_9_32bits\Matlab Interfacing\With m file\Dll\WLAN.lib
C:\USERS\UPAL\DESKTOP\PROJECTS_9_32BITS\MATLAB INTERFACING\WITH M FILE\DLL\WLAN.PDB
C:\USERS\UPAL\DESKTOP\PROJECTS_9_32BITS\MATLAB INTERFACING\WITH M FILE\WLAN\DEBUG\802_11_MAC.OBJ
C:\USERS\UPAL\DESKTOP\PROJECTS_9_32BITS\MATLAB INTERFACING\WITH M FILE\WLAN\DEBUG\802_11_PHY.OBJ
C:\USERS\UPAL\DESKTOP\PROJECTS_9_32BITS\MATLAB INTERFACING\WITH M FILE\WLAN\DEBUG\802_11AC.OBJ
C:\USERS\UPAL\DESKTOP\PROJECTS_9_32BITS\MATLAB INTERFACING\WITH M FILE\WLAN\DEBUG\802_11AG.OBJ
C:\USERS\UPAL\DESKTOP\PROJECTS_9_32BITS\MATLAB INTERFACING\WITH M FILE\WLAN\DEBUG\802_11B.OBJ
C:\USERS\UPAL\DESKTOP\PROJECTS_9_32BITS\MATLAB INTERFACING\WITH M FILE\WLAN\DEBUG\802_11E.OBJ
C:\USERS\UPAL\DESKTOP\PROJECTS_9_32BITS\MATLAB INTERFACING\WITH M FILE\WLAN\DEBUG\802_11N.OBJ
C:\USERS\UPAL\DESKTOP\PROJECTS_9_32BITS\MATLAB INTERFACING\WITH M FILE\WLAN\DEBUG\802_11N_ACAGGREGATION.OBJ
C:\USERS\UPAL\DESKTOP\PROJECTS_9_32BITS\MATLAB INTERFACING\WITH M FILE\WLAN\DEBUG\MATLAB_INTERFACE.OBJ
C:\USERS\UPAL\DESKTOP\PROJECTS_9_32BITS\MATLAB INTERFACING\WITH M FILE\WLAN\DEBUG\PMD_RX_SPECIFICATION_802_11ABGNAC.OBJ
C:\USERS\UPAL\DESKTOP\PROJECTS_9_32BITS\MATLAB INTERFACING\WITH M FILE\WLAN\DEBUG\POWERMODEL.OBJ
C:\USERS\UPAL\DESKTOP\PROJECTS_9_32BITS\MATLAB INTERFACING\WITH M FILE\WLAN\DEBUG\VC100.PDB
C:\USERS\UPAL\DESKTOP\PROJECTS_9_32BITS\MATLAB INTERFACING\WITH M FILE\WLAN\DEBUG\WLAN.DLL.INTERMEDIATE.MANIFEST
C:\USERS\UPAL\DESKTOP\PROJECTS_9_32BITS\MATLAB INTERFACING\WITH M FILE\WLAN\DEBUG\WLAN.OBJ
